<?xml version="1.0" encoding="UTF-8"?>
<!-- Generated by org.testng.reporters.JUnitReportReporter -->
<testsuite hostname="GirishPC" name="com.tutorial.selenium.TestNg" tests="1" failures="0" timestamp="21 Nov 2017 07:46:46 GMT" time="0.020" errors="0">
  <testcase name="Test_fn" time="0.020" classname="com.tutorial.selenium.TestNg"/>
</testsuite> <!-- com.tutorial.selenium.TestNg -->
